# JRE version: OpenJDK Runtime Environment Temurin-17.0.7+7 (17.0.7+7) (build 17.0.7+7)
# Java VM: OpenJDK 64-Bit Server VM Temurin-17.0.7+7 (17.0.7+7, mixed mode, sharing, tiered, compressed oops, compressed class ptrs, g1 gc, windows-amd64)
GC Precious Log:
 CPUs: 12 total, 12 available
 Memory: 16298M
 Large Page Support: Disabled
 NUMA Support: Disabled
 Compressed Oops: Enabled (Zero based)
 Heap Region Size: 2M
 Heap Min Capacity: 512M
 Heap Initial Capacity: 512M
 Heap Max Capacity: 4072M
 Pre-touch: Disabled
 Parallel Workers: 10
 Concurrent Workers: 3
 Concurrent Refinement Workers: 10
 Periodic GC: Disabled
 String Deduplication is enabled
Heap:
 garbage-first heap   total 524288K, used 112800K [0x00000004d6400000, 0x00000005d4c00000)
  region size 2048K, 8 young (16384K), 1 survivors (2048K)
 Metaspace       used 93290K, committed 94464K, reserved 1179648K
  class space    used 12432K, committed 12992K, reserved 1048576K
GC Heap History (20 events):
Event: 7660.750 GC heap before
{Heap before GC invocations=662 (full 363):
 garbage-first heap   total 524288K, used 112142K [0x00000004d6400000, 0x00000005d4c00000)
  region size 2048K, 7 young (14336K), 0 survivors (0K)
 Metaspace       used 93281K, committed 94464K, reserved 1179648K
  class space    used 12432K, committed 12992K, reserved 1048576K
}
Event: 7660.798 GC heap after
{Heap after GC invocations=663 (full 364):
 garbage-first heap   total 524288K, used 99847K [0x00000004d6400000, 0x00000005d4c00000)
  region size 2048K, 0 young (0K), 0 survivors (0K)
 Metaspace       used 93281K, committed 94464K, reserved 1179648K
  class space    used 12432K, committed 12992K, reserved 1048576K
}
Event: 7660.827 GC heap before
{Heap before GC invocations=663 (full 364):
 garbage-first heap   total 524288K, used 101895K [0x00000004d6400000, 0x00000005d4c00000)
  region size 2048K, 2 young (4096K), 0 survivors (0K)
 Metaspace       used 93281K, committed 94464K, reserved 1179648K
  class space    used 12432K, committed 12992K, reserved 1048576K
}
Event: 7660.874 GC heap after
{Heap after GC invocations=664 (full 365):
 garbage-first heap   total 524288K, used 99853K [0x00000004d6400000, 0x00000005d4c00000)
  region size 2048K, 0 young (0K), 0 survivors (0K)
 Metaspace       used 93281K, committed 94464K, reserved 1179648K
  class space    used 12432K, committed 12992K, reserved 1048576K
}
Event: 7663.376 GC heap before
{Heap before GC invocations=664 (full 365):
 garbage-first heap   total 524288K, used 108045K [0x00000004d6400000, 0x00000005d4c00000)
  region size 2048K, 5 young (10240K), 0 survivors (0K)
 Metaspace       used 93281K, committed 94464K, reserved 1179648K
  class space    used 12432K, committed 12992K, reserved 1048576K
}
Event: 7663.423 GC heap after
{Heap after GC invocations=665 (full 366):
 garbage-first heap   total 524288K, used 99852K [0x00000004d6400000, 0x00000005d4c00000)
  region size 2048K, 0 young (0K), 0 survivors (0K)
 Metaspace       used 93281K, committed 94464K, reserved 1179648K
  class space    used 12432K, committed 12992K, reserved 1048576K
}
Event: 7663.711 GC heap before
{Heap before GC invocations=665 (full 366):
 garbage-first heap   total 524288K, used 101900K [0x00000004d6400000, 0x00000005d4c00000)
  region size 2048K, 2 young (4096K), 0 survivors (0K)
 Metaspace       used 93281K, committed 94464K, reserved 1179648K
  class space    used 12432K, committed 12992K, reserved 1048576K
}
Event: 7663.758 GC heap after
{Heap after GC invocations=666 (full 367):
 garbage-first heap   total 524288K, used 99842K [0x00000004d6400000, 0x00000005d4c00000)
  region size 2048K, 0 young (0K), 0 survivors (0K)
 Metaspace       used 93281K, committed 94464K, reserved 1179648K
  class space    used 12432K, committed 12992K, reserved 1048576K
}
Event: 7670.425 GC heap before
{Heap before GC invocations=666 (full 367):
 garbage-first heap   total 524288K, used 124418K [0x00000004d6400000, 0x00000005d4c00000)
  region size 2048K, 13 young (26624K), 0 survivors (0K)
 Metaspace       used 93281K, committed 94464K, reserved 1179648K
  class space    used 12432K, committed 12992K, reserved 1048576K
}
Event: 7670.472 GC heap after
{Heap after GC invocations=667 (full 368):
 garbage-first heap   total 524288K, used 100035K [0x00000004d6400000, 0x00000005d4c00000)
  region size 2048K, 0 young (0K), 0 survivors (0K)
 Metaspace       used 93281K, committed 94464K, reserved 1179648K
  class space    used 12432K, committed 12992K, reserved 1048576K
}
Event: 7671.235 GC heap before
{Heap before GC invocations=667 (full 368):
 garbage-first heap   total 524288K, used 104131K [0x00000004d6400000, 0x00000005d4c00000)
  region size 2048K, 3 young (6144K), 0 survivors (0K)
 Metaspace       used 93281K, committed 94464K, reserved 1179648K
  class space    used 12432K, committed 12992K, reserved 1048576K
}
Event: 7671.282 GC heap after
{Heap after GC invocations=668 (full 369):
 garbage-first heap   total 524288K, used 100063K [0x00000004d6400000, 0x00000005d4c00000)
  region size 2048K, 0 young (0K), 0 survivors (0K)
 Metaspace       used 93281K, committed 94464K, reserved 1179648K
  class space    used 12432K, committed 12992K, reserved 1048576K
}
Event: 7676.554 GC heap before
{Heap before GC invocations=668 (full 369):
 garbage-first heap   total 524288K, used 181983K [0x00000004d6400000, 0x00000005d4c00000)
  region size 2048K, 40 young (81920K), 0 survivors (0K)
 Metaspace       used 93281K, committed 94464K, reserved 1179648K
  class space    used 12432K, committed 12992K, reserved 1048576K
}
Event: 7676.555 GC heap after
{Heap after GC invocations=669 (full 369):
 garbage-first heap   total 524288K, used 100232K [0x00000004d6400000, 0x00000005d4c00000)
  region size 2048K, 1 young (2048K), 1 survivors (2048K)
 Metaspace       used 93281K, committed 94464K, reserved 1179648K
  class space    used 12432K, committed 12992K, reserved 1048576K
}
Event: 7676.862 GC heap before
{Heap before GC invocations=669 (full 369):
 garbage-first heap   total 524288K, used 180104K [0x00000004d6400000, 0x00000005d4c00000)
  region size 2048K, 40 young (81920K), 1 survivors (2048K)
 Metaspace       used 93281K, committed 94464K, reserved 1179648K
  class space    used 12432K, committed 12992K, reserved 1048576K
}
Event: 7676.862 GC heap after
{Heap after GC invocations=670 (full 369):
 garbage-first heap   total 524288K, used 100269K [0x00000004d6400000, 0x00000005d4c00000)
  region size 2048K, 1 young (2048K), 1 survivors (2048K)
 Metaspace       used 93281K, committed 94464K, reserved 1179648K
  class space    used 12432K, committed 12992K, reserved 1048576K
}
Event: 7686.965 GC heap before
{Heap before GC invocations=670 (full 369):
 garbage-first heap   total 524288K, used 180141K [0x00000004d6400000, 0x00000005d4c00000)
  region size 2048K, 40 young (81920K), 1 survivors (2048K)
 Metaspace       used 93281K, committed 94464K, reserved 1179648K
  class space    used 12432K, committed 12992K, reserved 1048576K
}
Event: 7686.966 GC heap after
{Heap after GC invocations=671 (full 369):
 garbage-first heap   total 524288K, used 100278K [0x00000004d6400000, 0x00000005d4c00000)
  region size 2048K, 1 young (2048K), 1 survivors (2048K)
 Metaspace       used 93281K, committed 94464K, reserved 1179648K
  class space    used 12432K, committed 12992K, reserved 1048576K
}
Event: 7707.180 GC heap before
{Heap before GC invocations=671 (full 369):
 garbage-first heap   total 524288K, used 180150K [0x00000004d6400000, 0x00000005d4c00000)
  region size 2048K, 40 young (81920K), 1 survivors (2048K)
 Metaspace       used 93290K, committed 94464K, reserved 1179648K
  class space    used 12432K, committed 12992K, reserved 1048576K
}
Event: 7707.181 GC heap after
{Heap after GC invocations=672 (full 369):
 garbage-first heap   total 524288K, used 100512K [0x00000004d6400000, 0x00000005d4c00000)
  region size 2048K, 1 young (2048K), 1 survivors (2048K)
 Metaspace       used 93290K, committed 94464K, reserved 1179648K
  class space    used 12432K, committed 12992K, reserved 1048576K
}

